[1024/092839.659:ERROR:directory_reader_win.cc(43)] FindFirstFile: 系统找不到指定的路径。 (0x3)
[1026/092241.006:ERROR:directory_reader_win.cc(43)] FindFirstFile: 系统找不到指定的路径。 (0x3)
[1027/092148.336:ERROR:directory_reader_win.cc(43)] FindFirstFile: 系统找不到指定的路径。 (0x3)
[1028/091927.017:ERROR:directory_reader_win.cc(43)] FindFirstFile: 系统找不到指定的路径。 (0x3)
[1029/091931.051:ERROR:directory_reader_win.cc(43)] FindFirstFile: 系统找不到指定的路径。 (0x3)
[1030/092059.921:ERROR:directory_reader_win.cc(43)] FindFirstFile: 系统找不到指定的路径。 (0x3)
[1031/092049.875:ERROR:directory_reader_win.cc(43)] FindFirstFile: 系统找不到指定的路径。 (0x3)
[1102/092950.682:ERROR:directory_reader_win.cc(43)] FindFirstFile: 系统找不到指定的路径。 (0x3)
[1103/091921.889:ERROR:directory_reader_win.cc(43)] FindFirstFile: 系统找不到指定的路径。 (0x3)
[1103/095324.941:ERROR:directory_reader_win.cc(43)] FindFirstFile: 系统找不到指定的路径。 (0x3)
[1104/093334.200:ERROR:directory_reader_win.cc(43)] FindFirstFile: 系统找不到指定的路径。 (0x3)
[1105/092407.458:ERROR:directory_reader_win.cc(43)] FindFirstFile: 系统找不到指定的路径。 (0x3)
[1106/092150.194:ERROR:directory_reader_win.cc(43)] FindFirstFile: 系统找不到指定的路径。 (0x3)
[1107/092135.636:ERROR:directory_reader_win.cc(43)] FindFirstFile: 系统找不到指定的路径。 (0x3)
[1109/134426.020:ERROR:directory_reader_win.cc(43)] FindFirstFile: 系统找不到指定的路径。 (0x3)
[1110/091649.623:ERROR:directory_reader_win.cc(43)] FindFirstFile: 系统找不到指定的路径。 (0x3)
[1110/190239.039:ERROR:process_reader_win.cc(123)] NtOpenThread: {无法访问} 过程已请求访问一对象，但未给访问权限。 (0xc0000022)
[1110/190239.041:ERROR:exception_snapshot_win.cc(99)] thread ID 576 not found in process
[1110/190239.051:ERROR:process_reader_win.cc(123)] NtOpenThread: {无法访问} 过程已请求访问一对象，但未给访问权限。 (0xc0000022)
[1110/190239.051:ERROR:exception_snapshot_win.cc(99)] thread ID 15228 not found in process
[1110/190239.055:ERROR:process_reader_win.cc(123)] NtOpenThread: {无法访问} 过程已请求访问一对象，但未给访问权限。 (0xc0000022)
[1110/190239.055:ERROR:exception_snapshot_win.cc(99)] thread ID 6804 not found in process
[1110/190239.055:ERROR:process_reader_win.cc(123)] NtOpenThread: {无法访问} 过程已请求访问一对象，但未给访问权限。 (0xc0000022)
[1110/190239.055:ERROR:exception_snapshot_win.cc(99)] thread ID 20608 not found in process
[1110/190239.071:ERROR:process_reader_win.cc(123)] NtOpenThread: {无法访问} 过程已请求访问一对象，但未给访问权限。 (0xc0000022)
[1110/190239.071:ERROR:exception_snapshot_win.cc(99)] thread ID 1136 not found in process
[1110/190239.118:ERROR:process_reader_win.cc(123)] NtOpenThread: {无法访问} 过程已请求访问一对象，但未给访问权限。 (0xc0000022)
[1110/190239.118:ERROR:exception_snapshot_win.cc(99)] thread ID 20140 not found in process
[1110/190239.165:ERROR:process_reader_win.cc(123)] NtOpenThread: {无法访问} 过程已请求访问一对象，但未给访问权限。 (0xc0000022)
[1110/190239.165:ERROR:exception_snapshot_win.cc(99)] thread ID 18296 not found in process
[1110/190239.212:ERROR:process_reader_win.cc(123)] NtOpenThread: {无法访问} 过程已请求访问一对象，但未给访问权限。 (0xc0000022)
[1110/190239.212:ERROR:exception_snapshot_win.cc(99)] thread ID 8312 not found in process
[1110/190239.228:ERROR:process_reader_win.cc(123)] NtOpenThread: {无法访问} 过程已请求访问一对象，但未给访问权限。 (0xc0000022)
[1110/190239.228:ERROR:exception_snapshot_win.cc(99)] thread ID 9112 not found in process
[1110/190239.259:ERROR:process_reader_win.cc(123)] NtOpenThread: {无法访问} 过程已请求访问一对象，但未给访问权限。 (0xc0000022)
[1110/190239.259:ERROR:exception_snapshot_win.cc(99)] thread ID 10500 not found in process
[1110/190239.275:ERROR:process_reader_win.cc(123)] NtOpenThread: {无法访问} 过程已请求访问一对象，但未给访问权限。 (0xc0000022)
[1110/190239.275:ERROR:exception_snapshot_win.cc(99)] thread ID 18924 not found in process
[1110/190239.275:ERROR:process_reader_win.cc(123)] NtOpenThread: {无法访问} 过程已请求访问一对象，但未给访问权限。 (0xc0000022)
[1110/190239.275:ERROR:exception_snapshot_win.cc(99)] thread ID 13652 not found in process
[1110/190239.290:ERROR:process_info.cc(329)] VirtualQueryEx: 拒绝访问。 (0x5)
[1110/190239.306:ERROR:process_info.cc(556)] ReadMemoryInfo failed
[1110/190239.290:ERROR:process_reader_win.cc(123)] NtOpenThread: {无法访问} 过程已请求访问一对象，但未给访问权限。 (0xc0000022)
[1110/190239.306:ERROR:exception_snapshot_win.cc(99)] thread ID 10400 not found in process
[1110/190239.306:ERROR:scoped_process_suspend.cc(40)] NtResumeProcess: 已尝试访问正在退出的过程。 (0xc000010a)
[1110/190239.306:ERROR:scoped_process_suspend.cc(40)] NtResumeProcess: 已尝试访问正在退出的过程。 (0xc000010a)
[1110/190239.321:ERROR:process_info.cc(329)] VirtualQueryEx: 拒绝访问。 (0x5)
[1110/190239.321:ERROR:process_info.cc(556)] ReadMemoryInfo failed
[1110/190239.321:ERROR:process_memory_win.cc(39)] Failed to initialize ProcessInfo.
[1110/190239.321:ERROR:scoped_process_suspend.cc(40)] NtResumeProcess: 已尝试访问正在退出的过程。 (0xc000010a)
[1111/093828.308:ERROR:directory_reader_win.cc(43)] FindFirstFile: 系统找不到指定的路径。 (0x3)
[1111/173536.374:ERROR:directory_reader_win.cc(43)] FindFirstFile: 系统找不到指定的路径。 (0x3)
[1112/094153.761:ERROR:directory_reader_win.cc(43)] FindFirstFile: 系统找不到指定的路径。 (0x3)
[1113/092106.498:ERROR:directory_reader_win.cc(43)] FindFirstFile: 系统找不到指定的路径。 (0x3)
[1114/093217.833:ERROR:directory_reader_win.cc(43)] FindFirstFile: 系统找不到指定的路径。 (0x3)
[1117/092229.467:ERROR:directory_reader_win.cc(43)] FindFirstFile: 系统找不到指定的路径。 (0x3)
[1118/145412.920:ERROR:directory_reader_win.cc(43)] FindFirstFile: 系统找不到指定的路径。 (0x3)
[1119/095114.488:ERROR:directory_reader_win.cc(43)] FindFirstFile: 系统找不到指定的路径。 (0x3)
[1121/094158.981:ERROR:directory_reader_win.cc(43)] FindFirstFile: 系统找不到指定的路径。 (0x3)
[1123/173528.538:ERROR:directory_reader_win.cc(43)] FindFirstFile: 系统找不到指定的路径。 (0x3)
[1124/094102.770:ERROR:directory_reader_win.cc(43)] FindFirstFile: 系统找不到指定的路径。 (0x3)
[1125/094117.634:ERROR:directory_reader_win.cc(43)] FindFirstFile: 系统找不到指定的路径。 (0x3)
[1126/093650.458:ERROR:directory_reader_win.cc(43)] FindFirstFile: 系统找不到指定的路径。 (0x3)
[1127/092416.163:ERROR:directory_reader_win.cc(43)] FindFirstFile: 系统找不到指定的路径。 (0x3)
[1127/134324.747:ERROR:directory_reader_win.cc(43)] FindFirstFile: 系统找不到指定的路径。 (0x3)
[1128/101240.890:ERROR:directory_reader_win.cc(43)] FindFirstFile: 系统找不到指定的路径。 (0x3)
[1130/092424.830:ERROR:directory_reader_win.cc(43)] FindFirstFile: 系统找不到指定的路径。 (0x3)
